# Logfile created on 2013-02-03 22:53:55 +0100 by logger.rb/31641
REQUESTING PAGE: GET / with {} and HTTP headers {}
REQUESTING PAGE: GET /about with {} and HTTP headers {"HTTP_REFERER"=>"/"}
REQUESTING PAGE: GET / with {} and HTTP headers {}
REQUESTING PAGE: GET /about with {} and HTTP headers {"HTTP_REFERER"=>"/"}
REQUESTING PAGE: GET / with {} and HTTP headers {}
REQUESTING PAGE: GET /contacts with {} and HTTP headers {"HTTP_REFERER"=>"/"}
REQUESTING PAGE: GET / with {} and HTTP headers {}
REQUESTING PAGE: GET /about with {} and HTTP headers {"HTTP_REFERER"=>"/"}
REQUESTING PAGE: GET /contacts with {} and HTTP headers {"HTTP_REFERER"=>"/about"}
REQUESTING PAGE: GET / with {} and HTTP headers {}
REQUESTING PAGE: GET /about with {} and HTTP headers {"HTTP_REFERER"=>"/"}
REQUESTING PAGE: GET / with {} and HTTP headers {}
REQUESTING PAGE: GET /about with {} and HTTP headers {"HTTP_REFERER"=>"/"}
REQUESTING PAGE: GET /contacts with {} and HTTP headers {"HTTP_REFERER"=>"/about"}
REQUESTING PAGE: GET /places with {} and HTTP headers {"HTTP_REFERER"=>"/contacts"}
REQUESTING PAGE: GET /help with {} and HTTP headers {"HTTP_REFERER"=>"/places"}
REQUESTING PAGE: GET / with {} and HTTP headers {}
REQUESTING PAGE: GET /about with {} and HTTP headers {"HTTP_REFERER"=>"/"}
REQUESTING PAGE: GET /contacts with {} and HTTP headers {"HTTP_REFERER"=>"/about"}
REQUESTING PAGE: GET /places with {} and HTTP headers {"HTTP_REFERER"=>"/contacts"}
REQUESTING PAGE: GET /help with {} and HTTP headers {"HTTP_REFERER"=>"/places"}
REQUESTING PAGE: GET / with {} and HTTP headers {}
REQUESTING PAGE: GET /about with {} and HTTP headers {"HTTP_REFERER"=>"/"}
REQUESTING PAGE: GET /contacts with {} and HTTP headers {"HTTP_REFERER"=>"/about"}
REQUESTING PAGE: GET /places with {} and HTTP headers {"HTTP_REFERER"=>"/contacts"}
REQUESTING PAGE: GET /help with {} and HTTP headers {"HTTP_REFERER"=>"/places"}
REQUESTING PAGE: GET / with {} and HTTP headers {}
REQUESTING PAGE: GET /about with {} and HTTP headers {"HTTP_REFERER"=>"/"}
REQUESTING PAGE: GET /contacts with {} and HTTP headers {"HTTP_REFERER"=>"/about"}
REQUESTING PAGE: GET /places with {} and HTTP headers {"HTTP_REFERER"=>"/contacts"}
REQUESTING PAGE: GET /help with {} and HTTP headers {"HTTP_REFERER"=>"/places"}
REQUESTING PAGE: GET / with {} and HTTP headers {}
REQUESTING PAGE: GET /about with {} and HTTP headers {"HTTP_REFERER"=>"/"}
REQUESTING PAGE: GET /contacts with {} and HTTP headers {"HTTP_REFERER"=>"/about"}
REQUESTING PAGE: GET /places with {} and HTTP headers {"HTTP_REFERER"=>"/contacts"}
REQUESTING PAGE: GET /help with {} and HTTP headers {"HTTP_REFERER"=>"/places"}
REQUESTING PAGE: GET / with {} and HTTP headers {}
REQUESTING PAGE: GET /about with {} and HTTP headers {"HTTP_REFERER"=>"/"}
REQUESTING PAGE: GET /contacts with {} and HTTP headers {"HTTP_REFERER"=>"/about"}
REQUESTING PAGE: GET /places with {} and HTTP headers {"HTTP_REFERER"=>"/contacts"}
REQUESTING PAGE: GET /help with {} and HTTP headers {"HTTP_REFERER"=>"/places"}
REQUESTING PAGE: GET / with {} and HTTP headers {}
REQUESTING PAGE: GET /about with {} and HTTP headers {"HTTP_REFERER"=>"/"}
REQUESTING PAGE: GET /contacts with {} and HTTP headers {"HTTP_REFERER"=>"/about"}
REQUESTING PAGE: GET /places with {} and HTTP headers {"HTTP_REFERER"=>"/contacts"}
REQUESTING PAGE: GET /help with {} and HTTP headers {"HTTP_REFERER"=>"/places"}
REQUESTING PAGE: GET / with {} and HTTP headers {"HTTP_REFERER"=>"/help"}
REQUESTING PAGE: GET /sign_up with {} and HTTP headers {"HTTP_REFERER"=>"/"}
REQUESTING PAGE: GET / with {} and HTTP headers {}
REQUESTING PAGE: GET /about with {} and HTTP headers {"HTTP_REFERER"=>"/"}
REQUESTING PAGE: GET /contacts with {} and HTTP headers {"HTTP_REFERER"=>"/about"}
REQUESTING PAGE: GET /places with {} and HTTP headers {"HTTP_REFERER"=>"/contacts"}
REQUESTING PAGE: GET /help with {} and HTTP headers {"HTTP_REFERER"=>"/places"}
REQUESTING PAGE: GET / with {} and HTTP headers {"HTTP_REFERER"=>"/help"}
REQUESTING PAGE: GET /sign_up with {} and HTTP headers {"HTTP_REFERER"=>"/"}
REQUESTING PAGE: GET / with {} and HTTP headers {}
REQUESTING PAGE: GET /about with {} and HTTP headers {"HTTP_REFERER"=>"/"}
REQUESTING PAGE: GET /contacts with {} and HTTP headers {"HTTP_REFERER"=>"/about"}
REQUESTING PAGE: GET /places with {} and HTTP headers {"HTTP_REFERER"=>"/contacts"}
REQUESTING PAGE: GET /help with {} and HTTP headers {"HTTP_REFERER"=>"/places"}
REQUESTING PAGE: GET / with {} and HTTP headers {"HTTP_REFERER"=>"/help"}
REQUESTING PAGE: GET /sign_up with {} and HTTP headers {"HTTP_REFERER"=>"/"}
REQUESTING PAGE: GET / with {} and HTTP headers {}
REQUESTING PAGE: GET /about with {} and HTTP headers {"HTTP_REFERER"=>"/"}
REQUESTING PAGE: GET /contacts with {} and HTTP headers {"HTTP_REFERER"=>"/about"}
REQUESTING PAGE: GET /places with {} and HTTP headers {"HTTP_REFERER"=>"/contacts"}
REQUESTING PAGE: GET /help with {} and HTTP headers {"HTTP_REFERER"=>"/places"}
REQUESTING PAGE: GET / with {} and HTTP headers {"HTTP_REFERER"=>"/help"}
REQUESTING PAGE: GET /sign_up with {} and HTTP headers {"HTTP_REFERER"=>"/"}
REQUESTING PAGE: GET / with {} and HTTP headers {}
REQUESTING PAGE: GET /about with {} and HTTP headers {"HTTP_REFERER"=>"/"}
REQUESTING PAGE: GET /contacts with {} and HTTP headers {"HTTP_REFERER"=>"/about"}
REQUESTING PAGE: GET /places with {} and HTTP headers {"HTTP_REFERER"=>"/contacts"}
REQUESTING PAGE: GET /help with {} and HTTP headers {"HTTP_REFERER"=>"/places"}
REQUESTING PAGE: GET / with {} and HTTP headers {"HTTP_REFERER"=>"/help"}
REQUESTING PAGE: GET /sign_up with {} and HTTP headers {"HTTP_REFERER"=>"/"}
REQUESTING PAGE: GET / with {} and HTTP headers {}
REQUESTING PAGE: GET /about with {} and HTTP headers {"HTTP_REFERER"=>"/"}
REQUESTING PAGE: GET /contacts with {} and HTTP headers {"HTTP_REFERER"=>"/about"}
REQUESTING PAGE: GET /places with {} and HTTP headers {"HTTP_REFERER"=>"/contacts"}
REQUESTING PAGE: GET /help with {} and HTTP headers {"HTTP_REFERER"=>"/places"}
REQUESTING PAGE: GET / with {} and HTTP headers {"HTTP_REFERER"=>"/help"}
REQUESTING PAGE: GET /sign_up with {} and HTTP headers {"HTTP_REFERER"=>"/"}
REQUESTING PAGE: GET / with {} and HTTP headers {}
REQUESTING PAGE: GET /about with {} and HTTP headers {"HTTP_REFERER"=>"/"}
REQUESTING PAGE: GET /contacts with {} and HTTP headers {"HTTP_REFERER"=>"/about"}
REQUESTING PAGE: GET /places with {} and HTTP headers {"HTTP_REFERER"=>"/contacts"}
REQUESTING PAGE: GET /help with {} and HTTP headers {"HTTP_REFERER"=>"/places"}
REQUESTING PAGE: GET / with {} and HTTP headers {"HTTP_REFERER"=>"/help"}
REQUESTING PAGE: GET /sign_up with {} and HTTP headers {"HTTP_REFERER"=>"/"}
REQUESTING PAGE: GET / with {} and HTTP headers {}
REQUESTING PAGE: GET /about with {} and HTTP headers {"HTTP_REFERER"=>"/"}
REQUESTING PAGE: GET /contacts with {} and HTTP headers {"HTTP_REFERER"=>"/about"}
REQUESTING PAGE: GET /places with {} and HTTP headers {"HTTP_REFERER"=>"/contacts"}
REQUESTING PAGE: GET /help with {} and HTTP headers {"HTTP_REFERER"=>"/places"}
REQUESTING PAGE: GET / with {} and HTTP headers {"HTTP_REFERER"=>"/help"}
REQUESTING PAGE: GET /sign_up with {} and HTTP headers {"HTTP_REFERER"=>"/"}
REQUESTING PAGE: GET / with {} and HTTP headers {}
REQUESTING PAGE: GET /about with {} and HTTP headers {"HTTP_REFERER"=>"/"}
REQUESTING PAGE: GET /contacts with {} and HTTP headers {"HTTP_REFERER"=>"/about"}
REQUESTING PAGE: GET /places with {} and HTTP headers {"HTTP_REFERER"=>"/contacts"}
REQUESTING PAGE: GET /help with {} and HTTP headers {"HTTP_REFERER"=>"/places"}
REQUESTING PAGE: GET / with {} and HTTP headers {"HTTP_REFERER"=>"/help"}
REQUESTING PAGE: GET /sign_up with {} and HTTP headers {"HTTP_REFERER"=>"/"}
REQUESTING PAGE: GET / with {} and HTTP headers {}
REQUESTING PAGE: GET /about with {} and HTTP headers {"HTTP_REFERER"=>"/"}
REQUESTING PAGE: GET /contacts with {} and HTTP headers {"HTTP_REFERER"=>"/about"}
REQUESTING PAGE: GET /places with {} and HTTP headers {"HTTP_REFERER"=>"/contacts"}
REQUESTING PAGE: GET /help with {} and HTTP headers {"HTTP_REFERER"=>"/places"}
REQUESTING PAGE: GET / with {} and HTTP headers {"HTTP_REFERER"=>"/help"}
REQUESTING PAGE: GET /sign_up with {} and HTTP headers {"HTTP_REFERER"=>"/"}
REQUESTING PAGE: GET / with {} and HTTP headers {}
REQUESTING PAGE: GET /about with {} and HTTP headers {"HTTP_REFERER"=>"/"}
REQUESTING PAGE: GET /contacts with {} and HTTP headers {"HTTP_REFERER"=>"/about"}
REQUESTING PAGE: GET /places with {} and HTTP headers {"HTTP_REFERER"=>"/contacts"}
REQUESTING PAGE: GET /help with {} and HTTP headers {"HTTP_REFERER"=>"/places"}
REQUESTING PAGE: GET / with {} and HTTP headers {"HTTP_REFERER"=>"/help"}
REQUESTING PAGE: GET /sign_up with {} and HTTP headers {"HTTP_REFERER"=>"/"}
REQUESTING PAGE: GET / with {} and HTTP headers {}
REQUESTING PAGE: GET /about with {} and HTTP headers {"HTTP_REFERER"=>"/"}
REQUESTING PAGE: GET /contacts with {} and HTTP headers {"HTTP_REFERER"=>"/about"}
REQUESTING PAGE: GET /places with {} and HTTP headers {"HTTP_REFERER"=>"/contacts"}
REQUESTING PAGE: GET /help with {} and HTTP headers {"HTTP_REFERER"=>"/places"}
REQUESTING PAGE: GET / with {} and HTTP headers {"HTTP_REFERER"=>"/help"}
REQUESTING PAGE: GET /sign_up with {} and HTTP headers {"HTTP_REFERER"=>"/"}
REQUESTING PAGE: GET / with {} and HTTP headers {}
REQUESTING PAGE: GET /about with {} and HTTP headers {"HTTP_REFERER"=>"/"}
REQUESTING PAGE: GET /contacts with {} and HTTP headers {"HTTP_REFERER"=>"/about"}
REQUESTING PAGE: GET /places with {} and HTTP headers {"HTTP_REFERER"=>"/contacts"}
REQUESTING PAGE: GET /help with {} and HTTP headers {"HTTP_REFERER"=>"/places"}
REQUESTING PAGE: GET / with {} and HTTP headers {"HTTP_REFERER"=>"/help"}
REQUESTING PAGE: GET /sign_up with {} and HTTP headers {"HTTP_REFERER"=>"/"}
REQUESTING PAGE: GET / with {} and HTTP headers {}
REQUESTING PAGE: GET /about with {} and HTTP headers {"HTTP_REFERER"=>"/"}
REQUESTING PAGE: GET /contacts with {} and HTTP headers {"HTTP_REFERER"=>"/about"}
REQUESTING PAGE: GET /places with {} and HTTP headers {"HTTP_REFERER"=>"/contacts"}
REQUESTING PAGE: GET /help with {} and HTTP headers {"HTTP_REFERER"=>"/places"}
REQUESTING PAGE: GET / with {} and HTTP headers {"HTTP_REFERER"=>"/help"}
REQUESTING PAGE: GET /sign_up with {} and HTTP headers {"HTTP_REFERER"=>"/"}
REQUESTING PAGE: GET / with {} and HTTP headers {}
REQUESTING PAGE: GET /about with {} and HTTP headers {"HTTP_REFERER"=>"/"}
REQUESTING PAGE: GET /contacts with {} and HTTP headers {"HTTP_REFERER"=>"/about"}
REQUESTING PAGE: GET /places with {} and HTTP headers {"HTTP_REFERER"=>"/contacts"}
REQUESTING PAGE: GET /help with {} and HTTP headers {"HTTP_REFERER"=>"/places"}
REQUESTING PAGE: GET / with {} and HTTP headers {"HTTP_REFERER"=>"/help"}
REQUESTING PAGE: GET /sign_up with {} and HTTP headers {"HTTP_REFERER"=>"/"}
REQUESTING PAGE: GET / with {} and HTTP headers {}
REQUESTING PAGE: GET /about with {} and HTTP headers {"HTTP_REFERER"=>"/"}
REQUESTING PAGE: GET /contacts with {} and HTTP headers {"HTTP_REFERER"=>"/about"}
REQUESTING PAGE: GET /places with {} and HTTP headers {"HTTP_REFERER"=>"/contacts"}
REQUESTING PAGE: GET /help with {} and HTTP headers {"HTTP_REFERER"=>"/places"}
REQUESTING PAGE: GET / with {} and HTTP headers {"HTTP_REFERER"=>"/help"}
REQUESTING PAGE: GET /sign_up with {} and HTTP headers {"HTTP_REFERER"=>"/"}
REQUESTING PAGE: GET / with {} and HTTP headers {}
REQUESTING PAGE: GET /about with {} and HTTP headers {"HTTP_REFERER"=>"/"}
REQUESTING PAGE: GET /contacts with {} and HTTP headers {"HTTP_REFERER"=>"/about"}
REQUESTING PAGE: GET /places with {} and HTTP headers {"HTTP_REFERER"=>"/contacts"}
REQUESTING PAGE: GET /help with {} and HTTP headers {"HTTP_REFERER"=>"/places"}
REQUESTING PAGE: GET / with {} and HTTP headers {"HTTP_REFERER"=>"/help"}
REQUESTING PAGE: GET /sign_up with {} and HTTP headers {"HTTP_REFERER"=>"/"}
REQUESTING PAGE: GET / with {} and HTTP headers {}
REQUESTING PAGE: GET /about with {} and HTTP headers {"HTTP_REFERER"=>"/"}
REQUESTING PAGE: GET /contacts with {} and HTTP headers {"HTTP_REFERER"=>"/about"}
REQUESTING PAGE: GET /places with {} and HTTP headers {"HTTP_REFERER"=>"/contacts"}
REQUESTING PAGE: GET /help with {} and HTTP headers {"HTTP_REFERER"=>"/places"}
REQUESTING PAGE: GET / with {} and HTTP headers {"HTTP_REFERER"=>"/help"}
REQUESTING PAGE: GET /sign_up with {} and HTTP headers {"HTTP_REFERER"=>"/"}
REQUESTING PAGE: GET / with {} and HTTP headers {}
REQUESTING PAGE: GET /about with {} and HTTP headers {"HTTP_REFERER"=>"/"}
REQUESTING PAGE: GET /contacts with {} and HTTP headers {"HTTP_REFERER"=>"/about"}
REQUESTING PAGE: GET /places with {} and HTTP headers {"HTTP_REFERER"=>"/contacts"}
REQUESTING PAGE: GET /help with {} and HTTP headers {"HTTP_REFERER"=>"/places"}
REQUESTING PAGE: GET / with {} and HTTP headers {"HTTP_REFERER"=>"/help"}
REQUESTING PAGE: GET /sign_up with {} and HTTP headers {"HTTP_REFERER"=>"/"}
REQUESTING PAGE: GET / with {} and HTTP headers {}
REQUESTING PAGE: GET /about with {} and HTTP headers {"HTTP_REFERER"=>"/"}
REQUESTING PAGE: GET /contacts with {} and HTTP headers {"HTTP_REFERER"=>"/about"}
REQUESTING PAGE: GET /places with {} and HTTP headers {"HTTP_REFERER"=>"/contacts"}
REQUESTING PAGE: GET /help with {} and HTTP headers {"HTTP_REFERER"=>"/places"}
REQUESTING PAGE: GET / with {} and HTTP headers {"HTTP_REFERER"=>"/help"}
REQUESTING PAGE: GET /sign_up with {} and HTTP headers {"HTTP_REFERER"=>"/"}
REQUESTING PAGE: GET / with {} and HTTP headers {}
REQUESTING PAGE: GET /about with {} and HTTP headers {"HTTP_REFERER"=>"/"}
REQUESTING PAGE: GET /contacts with {} and HTTP headers {"HTTP_REFERER"=>"/about"}
REQUESTING PAGE: GET /places with {} and HTTP headers {"HTTP_REFERER"=>"/contacts"}
REQUESTING PAGE: GET /help with {} and HTTP headers {"HTTP_REFERER"=>"/places"}
REQUESTING PAGE: GET / with {} and HTTP headers {"HTTP_REFERER"=>"/help"}
REQUESTING PAGE: GET /sign_up with {} and HTTP headers {"HTTP_REFERER"=>"/"}
REQUESTING PAGE: GET / with {} and HTTP headers {}
REQUESTING PAGE: GET /about with {} and HTTP headers {"HTTP_REFERER"=>"/"}
REQUESTING PAGE: GET /contacts with {} and HTTP headers {"HTTP_REFERER"=>"/about"}
REQUESTING PAGE: GET /places with {} and HTTP headers {"HTTP_REFERER"=>"/contacts"}
REQUESTING PAGE: GET /help with {} and HTTP headers {"HTTP_REFERER"=>"/places"}
REQUESTING PAGE: GET / with {} and HTTP headers {"HTTP_REFERER"=>"/help"}
REQUESTING PAGE: GET /sign_up with {} and HTTP headers {"HTTP_REFERER"=>"/"}
REQUESTING PAGE: GET / with {} and HTTP headers {}
REQUESTING PAGE: GET /about with {} and HTTP headers {"HTTP_REFERER"=>"/"}
REQUESTING PAGE: GET /contacts with {} and HTTP headers {"HTTP_REFERER"=>"/about"}
REQUESTING PAGE: GET /places with {} and HTTP headers {"HTTP_REFERER"=>"/contacts"}
REQUESTING PAGE: GET /help with {} and HTTP headers {"HTTP_REFERER"=>"/places"}
REQUESTING PAGE: GET / with {} and HTTP headers {"HTTP_REFERER"=>"/help"}
REQUESTING PAGE: GET /sign_up with {} and HTTP headers {"HTTP_REFERER"=>"/"}
REQUESTING PAGE: GET / with {} and HTTP headers {}
REQUESTING PAGE: GET /about with {} and HTTP headers {"HTTP_REFERER"=>"/"}
REQUESTING PAGE: GET /contacts with {} and HTTP headers {"HTTP_REFERER"=>"/about"}
REQUESTING PAGE: GET /places with {} and HTTP headers {"HTTP_REFERER"=>"/contacts"}
REQUESTING PAGE: GET /help with {} and HTTP headers {"HTTP_REFERER"=>"/places"}
REQUESTING PAGE: GET / with {} and HTTP headers {"HTTP_REFERER"=>"/help"}
REQUESTING PAGE: GET /sign_up with {} and HTTP headers {"HTTP_REFERER"=>"/"}
REQUESTING PAGE: GET / with {} and HTTP headers {}
REQUESTING PAGE: GET /about with {} and HTTP headers {"HTTP_REFERER"=>"/"}
REQUESTING PAGE: GET /contacts with {} and HTTP headers {"HTTP_REFERER"=>"/about"}
REQUESTING PAGE: GET /places with {} and HTTP headers {"HTTP_REFERER"=>"/contacts"}
REQUESTING PAGE: GET /help with {} and HTTP headers {"HTTP_REFERER"=>"/places"}
REQUESTING PAGE: GET / with {} and HTTP headers {"HTTP_REFERER"=>"/help"}
REQUESTING PAGE: GET /sign_up with {} and HTTP headers {"HTTP_REFERER"=>"/"}
REQUESTING PAGE: GET / with {} and HTTP headers {}
REQUESTING PAGE: GET /about with {} and HTTP headers {"HTTP_REFERER"=>"/"}
REQUESTING PAGE: GET /contacts with {} and HTTP headers {"HTTP_REFERER"=>"/about"}
REQUESTING PAGE: GET /places with {} and HTTP headers {"HTTP_REFERER"=>"/contacts"}
REQUESTING PAGE: GET /help with {} and HTTP headers {"HTTP_REFERER"=>"/places"}
REQUESTING PAGE: GET / with {} and HTTP headers {"HTTP_REFERER"=>"/help"}
REQUESTING PAGE: GET /sign_up with {} and HTTP headers {"HTTP_REFERER"=>"/"}
REQUESTING PAGE: GET / with {} and HTTP headers {}
REQUESTING PAGE: GET /about with {} and HTTP headers {"HTTP_REFERER"=>"/"}
REQUESTING PAGE: GET /contacts with {} and HTTP headers {"HTTP_REFERER"=>"/about"}
REQUESTING PAGE: GET /places with {} and HTTP headers {"HTTP_REFERER"=>"/contacts"}
REQUESTING PAGE: GET /help with {} and HTTP headers {"HTTP_REFERER"=>"/places"}
REQUESTING PAGE: GET / with {} and HTTP headers {"HTTP_REFERER"=>"/help"}
REQUESTING PAGE: GET /sign_up with {} and HTTP headers {"HTTP_REFERER"=>"/"}
REQUESTING PAGE: GET / with {} and HTTP headers {}
REQUESTING PAGE: GET /about with {} and HTTP headers {"HTTP_REFERER"=>"/"}
REQUESTING PAGE: GET /contacts with {} and HTTP headers {"HTTP_REFERER"=>"/about"}
REQUESTING PAGE: GET /places with {} and HTTP headers {"HTTP_REFERER"=>"/contacts"}
REQUESTING PAGE: GET /help with {} and HTTP headers {"HTTP_REFERER"=>"/places"}
REQUESTING PAGE: GET / with {} and HTTP headers {"HTTP_REFERER"=>"/help"}
REQUESTING PAGE: GET /sign_up with {} and HTTP headers {"HTTP_REFERER"=>"/"}
REQUESTING PAGE: GET / with {} and HTTP headers {}
REQUESTING PAGE: GET /about with {} and HTTP headers {"HTTP_REFERER"=>"/"}
REQUESTING PAGE: GET /contacts with {} and HTTP headers {"HTTP_REFERER"=>"/about"}
REQUESTING PAGE: GET /places with {} and HTTP headers {"HTTP_REFERER"=>"/contacts"}
REQUESTING PAGE: GET /help with {} and HTTP headers {"HTTP_REFERER"=>"/places"}
REQUESTING PAGE: GET / with {} and HTTP headers {"HTTP_REFERER"=>"/help"}
REQUESTING PAGE: GET /sign_up with {} and HTTP headers {"HTTP_REFERER"=>"/"}
REQUESTING PAGE: GET / with {} and HTTP headers {}
REQUESTING PAGE: GET /about with {} and HTTP headers {"HTTP_REFERER"=>"/"}
REQUESTING PAGE: GET /contacts with {} and HTTP headers {"HTTP_REFERER"=>"/about"}
REQUESTING PAGE: GET /places with {} and HTTP headers {"HTTP_REFERER"=>"/contacts"}
REQUESTING PAGE: GET /help with {} and HTTP headers {"HTTP_REFERER"=>"/places"}
REQUESTING PAGE: GET / with {} and HTTP headers {"HTTP_REFERER"=>"/help"}
REQUESTING PAGE: GET /sign_up with {} and HTTP headers {"HTTP_REFERER"=>"/"}
REQUESTING PAGE: GET / with {} and HTTP headers {}
REQUESTING PAGE: GET /about with {} and HTTP headers {"HTTP_REFERER"=>"/"}
REQUESTING PAGE: GET /contacts with {} and HTTP headers {"HTTP_REFERER"=>"/about"}
REQUESTING PAGE: GET /places with {} and HTTP headers {"HTTP_REFERER"=>"/contacts"}
REQUESTING PAGE: GET /help with {} and HTTP headers {"HTTP_REFERER"=>"/places"}
REQUESTING PAGE: GET / with {} and HTTP headers {"HTTP_REFERER"=>"/help"}
REQUESTING PAGE: GET /sign_up with {} and HTTP headers {"HTTP_REFERER"=>"/"}
REQUESTING PAGE: GET / with {} and HTTP headers {}
REQUESTING PAGE: GET /about with {} and HTTP headers {"HTTP_REFERER"=>"/"}
REQUESTING PAGE: GET /contacts with {} and HTTP headers {"HTTP_REFERER"=>"/about"}
REQUESTING PAGE: GET /places with {} and HTTP headers {"HTTP_REFERER"=>"/contacts"}
REQUESTING PAGE: GET /help with {} and HTTP headers {"HTTP_REFERER"=>"/places"}
REQUESTING PAGE: GET / with {} and HTTP headers {"HTTP_REFERER"=>"/help"}
REQUESTING PAGE: GET /sign_up with {} and HTTP headers {"HTTP_REFERER"=>"/"}
REQUESTING PAGE: GET / with {} and HTTP headers {}
REQUESTING PAGE: GET /about with {} and HTTP headers {"HTTP_REFERER"=>"/"}
REQUESTING PAGE: GET /contacts with {} and HTTP headers {"HTTP_REFERER"=>"/about"}
REQUESTING PAGE: GET /places with {} and HTTP headers {"HTTP_REFERER"=>"/contacts"}
REQUESTING PAGE: GET /help with {} and HTTP headers {"HTTP_REFERER"=>"/places"}
REQUESTING PAGE: GET / with {} and HTTP headers {"HTTP_REFERER"=>"/help"}
REQUESTING PAGE: GET /sign_up with {} and HTTP headers {"HTTP_REFERER"=>"/"}
REQUESTING PAGE: GET / with {} and HTTP headers {}
REQUESTING PAGE: GET /about with {} and HTTP headers {"HTTP_REFERER"=>"/"}
REQUESTING PAGE: GET /contacts with {} and HTTP headers {"HTTP_REFERER"=>"/about"}
REQUESTING PAGE: GET /places with {} and HTTP headers {"HTTP_REFERER"=>"/contacts"}
REQUESTING PAGE: GET /help with {} and HTTP headers {"HTTP_REFERER"=>"/places"}
REQUESTING PAGE: GET / with {} and HTTP headers {"HTTP_REFERER"=>"/help"}
REQUESTING PAGE: GET /sign_up with {} and HTTP headers {"HTTP_REFERER"=>"/"}
REQUESTING PAGE: GET / with {} and HTTP headers {}
REQUESTING PAGE: GET /about with {} and HTTP headers {"HTTP_REFERER"=>"/"}
REQUESTING PAGE: GET /contacts with {} and HTTP headers {"HTTP_REFERER"=>"/about"}
REQUESTING PAGE: GET /places with {} and HTTP headers {"HTTP_REFERER"=>"/contacts"}
REQUESTING PAGE: GET /help with {} and HTTP headers {"HTTP_REFERER"=>"/places"}
REQUESTING PAGE: GET / with {} and HTTP headers {"HTTP_REFERER"=>"/help"}
REQUESTING PAGE: GET /sign_up with {} and HTTP headers {"HTTP_REFERER"=>"/"}
REQUESTING PAGE: GET / with {} and HTTP headers {}
REQUESTING PAGE: GET /about with {} and HTTP headers {"HTTP_REFERER"=>"/"}
REQUESTING PAGE: GET /contacts with {} and HTTP headers {"HTTP_REFERER"=>"/about"}
REQUESTING PAGE: GET /places with {} and HTTP headers {"HTTP_REFERER"=>"/contacts"}
REQUESTING PAGE: GET /help with {} and HTTP headers {"HTTP_REFERER"=>"/places"}
REQUESTING PAGE: GET / with {} and HTTP headers {"HTTP_REFERER"=>"/help"}
REQUESTING PAGE: GET /sign_up with {} and HTTP headers {"HTTP_REFERER"=>"/"}
REQUESTING PAGE: GET / with {} and HTTP headers {}
REQUESTING PAGE: GET /about with {} and HTTP headers {"HTTP_REFERER"=>"/"}
REQUESTING PAGE: GET /contacts with {} and HTTP headers {"HTTP_REFERER"=>"/about"}
REQUESTING PAGE: GET /places with {} and HTTP headers {"HTTP_REFERER"=>"/contacts"}
REQUESTING PAGE: GET /help with {} and HTTP headers {"HTTP_REFERER"=>"/places"}
REQUESTING PAGE: GET / with {} and HTTP headers {"HTTP_REFERER"=>"/help"}
REQUESTING PAGE: GET /sign_up with {} and HTTP headers {"HTTP_REFERER"=>"/"}
REQUESTING PAGE: GET / with {} and HTTP headers {}
REQUESTING PAGE: GET /about with {} and HTTP headers {"HTTP_REFERER"=>"/"}
REQUESTING PAGE: GET /contacts with {} and HTTP headers {"HTTP_REFERER"=>"/about"}
REQUESTING PAGE: GET /places with {} and HTTP headers {"HTTP_REFERER"=>"/contacts"}
REQUESTING PAGE: GET /help with {} and HTTP headers {"HTTP_REFERER"=>"/places"}
REQUESTING PAGE: GET / with {} and HTTP headers {"HTTP_REFERER"=>"/help"}
REQUESTING PAGE: GET /sign_up with {} and HTTP headers {"HTTP_REFERER"=>"/"}
REQUESTING PAGE: GET / with {} and HTTP headers {}
REQUESTING PAGE: GET /about with {} and HTTP headers {"HTTP_REFERER"=>"/"}
REQUESTING PAGE: GET /contacts with {} and HTTP headers {"HTTP_REFERER"=>"/about"}
REQUESTING PAGE: GET /places with {} and HTTP headers {"HTTP_REFERER"=>"/contacts"}
REQUESTING PAGE: GET /help with {} and HTTP headers {"HTTP_REFERER"=>"/places"}
REQUESTING PAGE: GET / with {} and HTTP headers {"HTTP_REFERER"=>"/help"}
REQUESTING PAGE: GET /sign_up with {} and HTTP headers {"HTTP_REFERER"=>"/"}
REQUESTING PAGE: GET / with {} and HTTP headers {}
REQUESTING PAGE: GET /about with {} and HTTP headers {"HTTP_REFERER"=>"/"}
REQUESTING PAGE: GET /contacts with {} and HTTP headers {"HTTP_REFERER"=>"/about"}
REQUESTING PAGE: GET /places with {} and HTTP headers {"HTTP_REFERER"=>"/contacts"}
REQUESTING PAGE: GET /help with {} and HTTP headers {"HTTP_REFERER"=>"/places"}
REQUESTING PAGE: GET / with {} and HTTP headers {"HTTP_REFERER"=>"/help"}
REQUESTING PAGE: GET /sign_up with {} and HTTP headers {"HTTP_REFERER"=>"/"}
REQUESTING PAGE: GET / with {} and HTTP headers {}
REQUESTING PAGE: GET /about with {} and HTTP headers {"HTTP_REFERER"=>"/"}
REQUESTING PAGE: GET /contacts with {} and HTTP headers {"HTTP_REFERER"=>"/about"}
REQUESTING PAGE: GET /places with {} and HTTP headers {"HTTP_REFERER"=>"/contacts"}
REQUESTING PAGE: GET /help with {} and HTTP headers {"HTTP_REFERER"=>"/places"}
REQUESTING PAGE: GET / with {} and HTTP headers {"HTTP_REFERER"=>"/help"}
REQUESTING PAGE: GET /sign_up with {} and HTTP headers {"HTTP_REFERER"=>"/"}
REQUESTING PAGE: GET / with {} and HTTP headers {}
REQUESTING PAGE: GET /about with {} and HTTP headers {"HTTP_REFERER"=>"/"}
REQUESTING PAGE: GET /contacts with {} and HTTP headers {"HTTP_REFERER"=>"/about"}
REQUESTING PAGE: GET /places with {} and HTTP headers {"HTTP_REFERER"=>"/contacts"}
REQUESTING PAGE: GET /help with {} and HTTP headers {"HTTP_REFERER"=>"/places"}
REQUESTING PAGE: GET / with {} and HTTP headers {"HTTP_REFERER"=>"/help"}
REQUESTING PAGE: GET /sign_up with {} and HTTP headers {"HTTP_REFERER"=>"/"}
REQUESTING PAGE: GET / with {} and HTTP headers {}
REQUESTING PAGE: GET /about with {} and HTTP headers {"HTTP_REFERER"=>"/"}
REQUESTING PAGE: GET /contacts with {} and HTTP headers {"HTTP_REFERER"=>"/about"}
REQUESTING PAGE: GET /places with {} and HTTP headers {"HTTP_REFERER"=>"/contacts"}
REQUESTING PAGE: GET /help with {} and HTTP headers {"HTTP_REFERER"=>"/places"}
REQUESTING PAGE: GET / with {} and HTTP headers {"HTTP_REFERER"=>"/help"}
REQUESTING PAGE: GET /sign_up with {} and HTTP headers {"HTTP_REFERER"=>"/"}
REQUESTING PAGE: GET / with {} and HTTP headers {}
REQUESTING PAGE: GET /about with {} and HTTP headers {"HTTP_REFERER"=>"/"}
REQUESTING PAGE: GET /contacts with {} and HTTP headers {"HTTP_REFERER"=>"/about"}
REQUESTING PAGE: GET /places with {} and HTTP headers {"HTTP_REFERER"=>"/contacts"}
REQUESTING PAGE: GET /help with {} and HTTP headers {"HTTP_REFERER"=>"/places"}
REQUESTING PAGE: GET / with {} and HTTP headers {"HTTP_REFERER"=>"/help"}
REQUESTING PAGE: GET /sign_up with {} and HTTP headers {"HTTP_REFERER"=>"/"}
REQUESTING PAGE: GET / with {} and HTTP headers {}
REQUESTING PAGE: GET /about with {} and HTTP headers {"HTTP_REFERER"=>"/"}
REQUESTING PAGE: GET /contacts with {} and HTTP headers {"HTTP_REFERER"=>"/about"}
REQUESTING PAGE: GET /places with {} and HTTP headers {"HTTP_REFERER"=>"/contacts"}
REQUESTING PAGE: GET /help with {} and HTTP headers {"HTTP_REFERER"=>"/places"}
REQUESTING PAGE: GET / with {} and HTTP headers {"HTTP_REFERER"=>"/help"}
REQUESTING PAGE: GET /sign_up with {} and HTTP headers {"HTTP_REFERER"=>"/"}
REQUESTING PAGE: GET / with {} and HTTP headers {}
REQUESTING PAGE: GET /about with {} and HTTP headers {"HTTP_REFERER"=>"/"}
REQUESTING PAGE: GET /contacts with {} and HTTP headers {"HTTP_REFERER"=>"/about"}
REQUESTING PAGE: GET /places with {} and HTTP headers {"HTTP_REFERER"=>"/contacts"}
REQUESTING PAGE: GET /help with {} and HTTP headers {"HTTP_REFERER"=>"/places"}
REQUESTING PAGE: GET / with {} and HTTP headers {"HTTP_REFERER"=>"/help"}
REQUESTING PAGE: GET /sign_up with {} and HTTP headers {"HTTP_REFERER"=>"/"}
REQUESTING PAGE: GET / with {} and HTTP headers {}
REQUESTING PAGE: GET /about with {} and HTTP headers {"HTTP_REFERER"=>"/"}
REQUESTING PAGE: GET /contacts with {} and HTTP headers {"HTTP_REFERER"=>"/about"}
REQUESTING PAGE: GET /places with {} and HTTP headers {"HTTP_REFERER"=>"/contacts"}
REQUESTING PAGE: GET /help with {} and HTTP headers {"HTTP_REFERER"=>"/places"}
REQUESTING PAGE: GET / with {} and HTTP headers {"HTTP_REFERER"=>"/help"}
REQUESTING PAGE: GET /sign_up with {} and HTTP headers {"HTTP_REFERER"=>"/"}
REQUESTING PAGE: GET / with {} and HTTP headers {}
REQUESTING PAGE: GET /about with {} and HTTP headers {"HTTP_REFERER"=>"/"}
REQUESTING PAGE: GET /contacts with {} and HTTP headers {"HTTP_REFERER"=>"/about"}
REQUESTING PAGE: GET /places with {} and HTTP headers {"HTTP_REFERER"=>"/contacts"}
REQUESTING PAGE: GET /help with {} and HTTP headers {"HTTP_REFERER"=>"/places"}
REQUESTING PAGE: GET / with {} and HTTP headers {"HTTP_REFERER"=>"/help"}
REQUESTING PAGE: GET /sign_up with {} and HTTP headers {"HTTP_REFERER"=>"/"}
REQUESTING PAGE: GET / with {} and HTTP headers {}
REQUESTING PAGE: GET /about with {} and HTTP headers {"HTTP_REFERER"=>"/"}
REQUESTING PAGE: GET /contacts with {} and HTTP headers {"HTTP_REFERER"=>"/about"}
REQUESTING PAGE: GET /places with {} and HTTP headers {"HTTP_REFERER"=>"/contacts"}
REQUESTING PAGE: GET /help with {} and HTTP headers {"HTTP_REFERER"=>"/places"}
REQUESTING PAGE: GET / with {} and HTTP headers {"HTTP_REFERER"=>"/help"}
REQUESTING PAGE: GET /sign_up with {} and HTTP headers {"HTTP_REFERER"=>"/"}
REQUESTING PAGE: GET / with {} and HTTP headers {}
REQUESTING PAGE: GET /about with {} and HTTP headers {"HTTP_REFERER"=>"/"}
REQUESTING PAGE: GET /contacts with {} and HTTP headers {"HTTP_REFERER"=>"/about"}
REQUESTING PAGE: GET /places with {} and HTTP headers {"HTTP_REFERER"=>"/contacts"}
REQUESTING PAGE: GET /help with {} and HTTP headers {"HTTP_REFERER"=>"/places"}
REQUESTING PAGE: GET / with {} and HTTP headers {"HTTP_REFERER"=>"/help"}
REQUESTING PAGE: GET /sign_up with {} and HTTP headers {"HTTP_REFERER"=>"/"}
REQUESTING PAGE: GET / with {} and HTTP headers {}
REQUESTING PAGE: GET /about with {} and HTTP headers {"HTTP_REFERER"=>"/"}
REQUESTING PAGE: GET /contacts with {} and HTTP headers {"HTTP_REFERER"=>"/about"}
REQUESTING PAGE: GET /places with {} and HTTP headers {"HTTP_REFERER"=>"/contacts"}
REQUESTING PAGE: GET /help with {} and HTTP headers {"HTTP_REFERER"=>"/places"}
REQUESTING PAGE: GET / with {} and HTTP headers {"HTTP_REFERER"=>"/help"}
REQUESTING PAGE: GET /sign_up with {} and HTTP headers {"HTTP_REFERER"=>"/"}
REQUESTING PAGE: GET / with {} and HTTP headers {}
REQUESTING PAGE: GET /about with {} and HTTP headers {"HTTP_REFERER"=>"/"}
REQUESTING PAGE: GET /contacts with {} and HTTP headers {"HTTP_REFERER"=>"/about"}
REQUESTING PAGE: GET /places with {} and HTTP headers {"HTTP_REFERER"=>"/contacts"}
REQUESTING PAGE: GET /help with {} and HTTP headers {"HTTP_REFERER"=>"/places"}
REQUESTING PAGE: GET / with {} and HTTP headers {"HTTP_REFERER"=>"/help"}
REQUESTING PAGE: GET /sign_up with {} and HTTP headers {"HTTP_REFERER"=>"/"}
REQUESTING PAGE: GET / with {} and HTTP headers {}
REQUESTING PAGE: GET /about with {} and HTTP headers {"HTTP_REFERER"=>"/"}
REQUESTING PAGE: GET /contacts with {} and HTTP headers {"HTTP_REFERER"=>"/about"}
REQUESTING PAGE: GET /places with {} and HTTP headers {"HTTP_REFERER"=>"/contacts"}
REQUESTING PAGE: GET /help with {} and HTTP headers {"HTTP_REFERER"=>"/places"}
REQUESTING PAGE: GET / with {} and HTTP headers {"HTTP_REFERER"=>"/help"}
REQUESTING PAGE: GET /sign_up with {} and HTTP headers {"HTTP_REFERER"=>"/"}
REQUESTING PAGE: GET / with {} and HTTP headers {}
REQUESTING PAGE: GET /about with {} and HTTP headers {"HTTP_REFERER"=>"/"}
REQUESTING PAGE: GET /contacts with {} and HTTP headers {"HTTP_REFERER"=>"/about"}
REQUESTING PAGE: GET /places with {} and HTTP headers {"HTTP_REFERER"=>"/contacts"}
REQUESTING PAGE: GET /help with {} and HTTP headers {"HTTP_REFERER"=>"/places"}
REQUESTING PAGE: GET / with {} and HTTP headers {"HTTP_REFERER"=>"/help"}
REQUESTING PAGE: GET /sign_up with {} and HTTP headers {"HTTP_REFERER"=>"/"}
REQUESTING PAGE: GET / with {} and HTTP headers {}
REQUESTING PAGE: GET /about with {} and HTTP headers {"HTTP_REFERER"=>"/"}
REQUESTING PAGE: GET /contacts with {} and HTTP headers {"HTTP_REFERER"=>"/about"}
REQUESTING PAGE: GET /places with {} and HTTP headers {"HTTP_REFERER"=>"/contacts"}
REQUESTING PAGE: GET /help with {} and HTTP headers {"HTTP_REFERER"=>"/places"}
REQUESTING PAGE: GET / with {} and HTTP headers {"HTTP_REFERER"=>"/help"}
REQUESTING PAGE: GET /sign_up with {} and HTTP headers {"HTTP_REFERER"=>"/"}
REQUESTING PAGE: GET / with {} and HTTP headers {}
REQUESTING PAGE: GET /about with {} and HTTP headers {"HTTP_REFERER"=>"/"}
REQUESTING PAGE: GET /contacts with {} and HTTP headers {"HTTP_REFERER"=>"/about"}
REQUESTING PAGE: GET /places with {} and HTTP headers {"HTTP_REFERER"=>"/contacts"}
REQUESTING PAGE: GET /help with {} and HTTP headers {"HTTP_REFERER"=>"/places"}
REQUESTING PAGE: GET / with {} and HTTP headers {"HTTP_REFERER"=>"/help"}
REQUESTING PAGE: GET /sign_up with {} and HTTP headers {"HTTP_REFERER"=>"/"}
REQUESTING PAGE: GET / with {} and HTTP headers {}
REQUESTING PAGE: GET /about with {} and HTTP headers {"HTTP_REFERER"=>"/"}
REQUESTING PAGE: GET /contacts with {} and HTTP headers {"HTTP_REFERER"=>"/about"}
REQUESTING PAGE: GET /places with {} and HTTP headers {"HTTP_REFERER"=>"/contacts"}
REQUESTING PAGE: GET /help with {} and HTTP headers {"HTTP_REFERER"=>"/places"}
REQUESTING PAGE: GET / with {} and HTTP headers {"HTTP_REFERER"=>"/help"}
REQUESTING PAGE: GET /sign_up with {} and HTTP headers {"HTTP_REFERER"=>"/"}
